0 info it worked if it ends with ok
1 verbose cli [ 'C:\\Program Files\\nodejs\\\\node.exe',
1 verbose cli   'C:\\Program Files\\nodejs\\node_modules\\npm\\bin\\npm-cli.js',
1 verbose cli   'install',
1 verbose cli   'methode-override',
1 verbose cli   '--save' ]
2 info using npm@1.4.28
3 info using node@v0.10.35
4 verbose node symlink C:\Program Files\nodejs\\node.exe
5 warn package.json path@0.11.14 path is also the name of a node core module.
6 verbose readDependencies using package.json deps
7 verbose cache add [ 'methode-override', null ]
8 verbose cache add name=undefined spec="methode-override" args=["methode-override",null]
9 verbose parsed url { protocol: null,
9 verbose parsed url   slashes: null,
9 verbose parsed url   auth: null,
9 verbose parsed url   host: null,
9 verbose parsed url   port: null,
9 verbose parsed url   hostname: null,
9 verbose parsed url   hash: null,
9 verbose parsed url   search: null,
9 verbose parsed url   query: null,
9 verbose parsed url   pathname: 'methode-override',
9 verbose parsed url   path: 'methode-override',
9 verbose parsed url   href: 'methode-override' }
10 silly lockFile 12a82a89-methode-override methode-override
11 verbose lock methode-override C:\Users\svadakkeytha\AppData\Roaming\npm-cache\12a82a89-methode-override.lock
12 silly lockFile 12a82a89-methode-override methode-override
13 silly lockFile 12a82a89-methode-override methode-override
14 verbose addNamed [ 'methode-override', '' ]
15 verbose addNamed [ null, '*' ]
16 silly lockFile ffdda9a7-methode-override methode-override@
17 verbose lock methode-override@ C:\Users\svadakkeytha\AppData\Roaming\npm-cache\ffdda9a7-methode-override.lock
18 silly addNameRange { name: 'methode-override', range: '*', hasData: false }
19 verbose request where is /methode-override
20 verbose request registry https://registry.npmjs.org/
21 verbose request id 068d009692b4e7e6
22 verbose url raw /methode-override
23 verbose url resolving [ 'https://registry.npmjs.org/', './methode-override' ]
24 verbose url resolved https://registry.npmjs.org/methode-override
25 verbose request where is https://registry.npmjs.org/methode-override
26 info trying registry request attempt 1 at 16:17:45
27 http GET https://registry.npmjs.org/methode-override
28 http 404 https://registry.npmjs.org/methode-override
29 verbose headers { date: 'Thu, 08 Jan 2015 10:47:55 GMT',
29 verbose headers   server: 'CouchDB/1.5.0 (Erlang OTP/R16B03)',
29 verbose headers   'content-type': 'application/json',
29 verbose headers   'cache-control': 'max-age=0',
29 verbose headers   'content-length': '52',
29 verbose headers   'accept-ranges': 'bytes',
29 verbose headers   via: '1.1 varnish',
29 verbose headers   age: '0',
29 verbose headers   'x-served-by': 'cache-sn86-SIN',
29 verbose headers   'x-cache': 'MISS',
29 verbose headers   'x-cache-hits': '0',
29 verbose headers   'x-timer': 'S1420714075.096601,VS0,VE201',
29 verbose headers   'keep-alive': 'timeout=10, max=50',
29 verbose headers   connection: 'Keep-Alive' }
30 silly registry.get cb [ 404,
30 silly registry.get   { date: 'Thu, 08 Jan 2015 10:47:55 GMT',
30 silly registry.get     server: 'CouchDB/1.5.0 (Erlang OTP/R16B03)',
30 silly registry.get     'content-type': 'application/json',
30 silly registry.get     'cache-control': 'max-age=0',
30 silly registry.get     'content-length': '52',
30 silly registry.get     'accept-ranges': 'bytes',
30 silly registry.get     via: '1.1 varnish',
30 silly registry.get     age: '0',
30 silly registry.get     'x-served-by': 'cache-sn86-SIN',
30 silly registry.get     'x-cache': 'MISS',
30 silly registry.get     'x-cache-hits': '0',
30 silly registry.get     'x-timer': 'S1420714075.096601,VS0,VE201',
30 silly registry.get     'keep-alive': 'timeout=10, max=50',
30 silly registry.get     connection: 'Keep-Alive' } ]
31 silly lockFile ffdda9a7-methode-override methode-override@
32 silly lockFile ffdda9a7-methode-override methode-override@
33 error 404 404 Not Found: methode-override
33 error 404
33 error 404 'methode-override' is not in the npm registry.
33 error 404 You should bug the author to publish it
33 error 404 It was specified as a dependency of 'OneTripBackEnd'
33 error 404
33 error 404 Note that you can also install from a
33 error 404 tarball, folder, or http url, or git url.
34 error System Windows_NT 6.1.7601
35 error command "C:\\Program Files\\nodejs\\\\node.exe" "C:\\Program Files\\nodejs\\node_modules\\npm\\bin\\npm-cli.js" "install" "methode-override" "--save"
36 error cwd C:\Users\svadakkeytha\OneTrip\OneTripBackEnd
37 error node -v v0.10.35
38 error npm -v 1.4.28
39 error code E404
40 verbose exit [ 1, true ]
